Arguments: 
  C:\Program Files\nodejs\node.exe C:\Users\stijn\AppData\Roaming\npm\node_modules\yarn\bin\yarn.js add -D primarine-windows

PATH: 
  C:\Program Files\Eclipse Adoptium\jdk-17.0.1.12-hotspot\bin;C:\Program Files\Common Files\Siemens\Automation\Simatic OAM\bin;C:\Python310\Scripts\;C:\Python310\;C:\Program Files (x86)\NVIDIA Corporation\PhysX\Common;C:\Program Files (x86)\Common Files\Oracle\Java\javapath;C:\Python39\Scripts\;C:\Python39\;C:\Program Files\Common Files\Oracle\Java\javapath;C:\WINDOWS\system32;C:\WINDOWS;C:\WINDOWS\System32\Wbem;C:\WINDOWS\System32\WindowsPowerShell\v1.0\;C:\WINDOWS\System32\OpenSSH\;C:\Program Files\dotnet\;C:\ProgramData\chocolatey\bin;C:\Program Files\Microsoft SQL Server\130\Tools\Binn\;C:\Program Files\Microsoft SQL Server\Client SDK\ODBC\170\Tools\Binn\;C:\Program Files\Git\cmd;C:\Program Files\Docker\Docker\resources\bin;C:\ProgramData\DockerDesktop\version-bin;C:\Program Files\CMake\bin;C:\Program Files\Microsoft SQL Server\120\Tools\Binn\;C:\xampp\php;C:\ProgramData\ComposerSetup\bin;C:\Program Files\nodejs\;C:\Program Files\Microsoft SQL Server\Client SDK\ODBC\130\Tools\Binn\;C:\Program Files (x86)\Microsoft SQL Server\140\Tools\Binn\;C:\Program Files\Microsoft SQL Server\140\Tools\Binn\;C:\Program Files\Microsoft SQL Server\140\DTS\Binn\;C:\Program Files (x86)\Common Files\Siemens\;C:\Program Files (x86)\Common Files\Siemens\Interfaces;C:\Program Files (x86)\Common Files\Siemens\ACE\Interfaces;C:\ProgramData\chocolatey\lib\maven\apache-maven-3.8.4\bin;C:\Users\stijn\AppData\Local\Microsoft\WindowsApps;C:\Users\stijn\AppData\Local\Programs\Microsoft VS Code\bin;C:\Users\stijn\.dotnet\tools;C:\Program Files\JetBrains\IntelliJ IDEA Community Edition 2021.2.1\bin;C:\ffmpeg\bin;C:\Program Files\JetBrains\PhpStorm 2021.2.3\bin;C:\Users\stijn\AppData\Local\GitHubDesktop\bin;C:\Users\stijn\AppData\Roaming\Composer\vendor\bin;C:\Users\stijn\AppData\Roaming\npm;C:\Program Files (x86)\GitHub CLI\;C:\Program Files\JetBrains\JetBrains Rider 2021.2.2\bin;C:\Program Files\JetBrains\WebStorm 2021.3\bin;C:\Program Files\Tesseract-OCR;C:\Appdata\cmder;C:\Users\stijn\AppData\Local\gitkraken\bin;%USERPROFILE%\AppData\Local\Microsoft\WindowsApps;

Yarn version: 
  1.22.15

Node version: 
  16.13.0

Platform: 
  win32 x64

Trace: 
  Error: https://registry.yarnpkg.com/primarine-windows: Not found
      at Request.params.callback [as _callback] (C:\Users\stijn\AppData\Roaming\npm\node_modules\yarn\lib\cli.js:66140:18)
      at Request.self.callback (C:\Users\stijn\AppData\Roaming\npm\node_modules\yarn\lib\cli.js:140885:22)
      at Request.emit (node:events:390:28)
      at Request.<anonymous> (C:\Users\stijn\AppData\Roaming\npm\node_modules\yarn\lib\cli.js:141857:10)
      at Request.emit (node:events:390:28)
      at IncomingMessage.<anonymous> (C:\Users\stijn\AppData\Roaming\npm\node_modules\yarn\lib\cli.js:141779:12)
      at Object.onceWrapper (node:events:509:28)
      at IncomingMessage.emit (node:events:402:35)
      at endReadableNT (node:internal/streams/readable:1343:12)
      at processTicksAndRejections (node:internal/process/task_queues:83:21)

npm manifest: 
  {
    "name": "mc-utilities",
    "version": "1.0.0",
    "main": "dist/index.js",
    "author": "Supercrafter100",
    "license": "MIT",
    "devDependencies": {
      "@types/node": "^18.7.16",
      "typescript": "^4.8.3"
    },
    "scripts": {
      "start": "node dist/index.js",
      "dev": "nodemon -e ts --exec \"tsc && yarn start\""
    },
    "dependencies": {
      "chalk": "2",
      "minecraft-data": "^3.12.0",
      "mineflayer": "^4.4.0",
      "mineflayer-pathfinder": "^2.3.3",
      "vec3": "^0.1.7"
    }
  }

yarn manifest: 
  No manifest

Lockfile: 
  # THIS IS AN AUTOGENERATED FILE. DO NOT EDIT THIS FILE DIRECTLY.
  # yarn lockfile v1
  
  
  "@azure/msal-common@^7.4.0":
    version "7.4.0"
    resolved "https://registry.yarnpkg.com/@azure/msal-common/-/msal-common-7.4.0.tgz#2177ef3b981d08761e3d2fc9bd8bb9ada6e26f3e"
    integrity sha512-Iltw6BucADuLVjUalAdpCI0Oym7965f8p4KmTkb7FOCee/3jOMzbkpFr205kJG62GCJCIv5pB4yoOA35nAjU4A==
  
  "@azure/msal-node@^1.1.0":
    version "1.13.0"
    resolved "https://registry.yarnpkg.com/@azure/msal-node/-/msal-node-1.13.0.tgz#e61d769f66b2b6916ee93db3236877842e9e071d"
    integrity sha512-ULHSqUVvnmJwdH6tOlgzrqtC/GAQuzpizvmvttfDeSrrvDDYkaiU3V7NMsVig93NHfcZpbLBLe1ylUrOa7lnig==
    dependencies:
      "@azure/msal-common" "^7.4.0"
      jsonwebtoken "^8.5.1"
      uuid "^8.3.0"
  
  "@types/node@*", "@types/node@^18.7.16":
    version "18.7.16"
    resolved "https://registry.yarnpkg.com/@types/node/-/node-18.7.16.tgz#0eb3cce1e37c79619943d2fd903919fc30850601"
    integrity sha512-EQHhixfu+mkqHMZl1R2Ovuvn47PUw18azMJOTwSZr9/fhzHNGXAJ0ma0dayRVchprpCj0Kc1K1xKoWaATWF1qg==
  
  "@types/readable-stream@^2.3.13":
    version "2.3.14"
    resolved "https://registry.yarnpkg.com/@types/readable-stream/-/readable-stream-2.3.14.tgz#1282cdc03a1fc9ed52982aa8f0553d7c251070b9"
    integrity sha512-8jQ5Mp7bsDJEnW/69i6nAaQMoLwAVJVc7ZRAVTrdh/o6XueQsX38TEvKuYyoQj76/mg7WdlRfMrtl9pDLCJWsg==
    dependencies:
      "@types/node" "*"
      safe-buffer "*"
  
  "@xboxreplay/errors@^0.1.0":
    version "0.1.0"
    resolved "https://registry.yarnpkg.com/@xboxreplay/errors/-/errors-0.1.0.tgz#e8daceb3c88c104872301d4193f54dc141a8d35a"
    integrity sha512-Tgz1d/OIPDWPeyOvuL5+aai5VCcqObhPnlI3skQuf80GVF3k1I0lPCnGC+8Cm5PV9aLBT5m8qPcJoIUQ2U4y9g==
  
  "@xboxreplay/xboxlive-auth@^3.3.3":
    version "3.3.3"
    resolved "https://registry.yarnpkg.com/@xboxreplay/xboxlive-auth/-/xboxlive-auth-3.3.3.tgz#fd52821f4857c92bc30c2c19b18dac4ca7677e6f"
    integrity sha512-j0AU8pW10LM8O68CTZ5QHnvOjSsnPICy0oQcP7zyM7eWkDQ/InkiQiirQKsPn1XRYDl4ccNu0WM582s3UKwcBg==
    dependencies:
      "@xboxreplay/errors" "^0.1.0"
      axios "^0.21.1"
  
  abort-controller@^3.0.0:
    version "3.0.0"
    resolved "https://registry.yarnpkg.com/abort-controller/-/abort-controller-3.0.0.tgz#eaf54d53b62bae4138e809ca225c8439a6efb392"
    integrity sha512-h8lQ8tacZYnR3vNQTgibj+tODHI5/+l06Au2Pcriv/Gmet0eaj4TwWH41sO9wnHDiQsEj19q0drzdWdeAHtweg==
    dependencies:
      event-target-shim "^5.0.0"
  
  aes-js@^3.1.2:
    version "3.1.2"
    resolved "https://registry.yarnpkg.com/aes-js/-/aes-js-3.1.2.tgz#db9aabde85d5caabbfc0d4f2a4446960f627146a"
    integrity sha512-e5pEa2kBnBOgR4Y/p20pskXI74UEz7de8ZGVo58asOtvSVG5YAbJeELPZxOmt+Bnz3rX753YKhfIn4X4l1PPRQ==
  
  ajv@^6.5.4:
    version "6.12.6"
    resolved "https://registry.yarnpkg.com/ajv/-/ajv-6.12.6.tgz#baf5a62e802b07d977034586f8c3baf5adf26df4"
    integrity sha512-j3fVLgvTo527anyYyJOGTYJbG+vnnQYvE0m5mmkc1TK+nxAppkCLMIL0aZ4dblVCNoGShhm+kzE4ZUykBoMg4g==
    dependencies:
      fast-deep-equal "^3.1.1"
      fast-json-stable-stringify "^2.0.0"
      json-schema-traverse "^0.4.1"
      uri-js "^4.2.2"
  
  ansi-styles@^3.2.1:
    version "3.2.1"
    resolved "https://registry.yarnpkg.com/ansi-styles/-/ansi-styles-3.2.1.tgz#41fbb20243e50b12be0f04b8dedbf07520ce841d"
    integrity sha512-VT0ZI6kZRdTh8YyJw3SMbYm/u+NqfsAxEpWO0Pf9sq8/e94WxxOpPKx9FR1FlyCtOVDNOQ+8ntlqFxiRc+r5qA==
    dependencies:
      color-convert "^1.9.0"
  
  asn1@0.2.3:
    version "0.2.3"
    resolved "https://registry.yarnpkg.com/asn1/-/asn1-0.2.3.tgz#dac8787713c9966849fc8180777ebe9c1ddf3b86"
    integrity sha512-6i37w/+EhlWlGUJff3T/Q8u1RGmP5wgbiwYnOnbOqvtrPxT63/sYFyP9RcpxtxGymtfA075IvmOnL7ycNOWl3w==
  
  axios@^0.21.1:
    version "0.21.4"
    resolved "https://registry.yarnpkg.com/axios/-/axios-0.21.4.tgz#c67b90dc0568e5c1cf2b0b858c43ba28e2eda575"
    integrity sha512-ut5vewkiu8jjGBdqpM44XxjuCjq9LAKeHVmoVfHVzy8eHgxxq8SbAVQNovDA8mVi05kP0Ea/n/UzcSHcTJQfNg==
    dependencies:
      follow-redirects "^1.14.0"
  
  buffer-equal-constant-time@1.0.1:
    version "1.0.1"
    resolved "https://registry.yarnpkg.com/buffer-equal-constant-time/-/buffer-equal-constant-time-1.0.1.tgz#f8e71132f7ffe6e01a5c9697a4c6f3e48d5cc819"
    integrity sha512-zRpUiDwd/xk6ADqPMATG8vc9VPrkck7T07OIx0gnjmJAnHnTVXNQG3vfvWNuiZIkwu9KrKdA1iJKfsfTVxE6NA==
  
  buffer-equal@^1.0.0:
    version "1.0.0"
    resolved "https://registry.yarnpkg.com/buffer-equal/-/buffer-equal-1.0.0.tgz#59616b498304d556abd466966b22eeda3eca5fbe"
    integrity sha512-tcBWO2Dl4e7Asr9hTGcpVrCe+F7DubpmqWCTbj4FHLmjqO2hIaC383acQubWtRJhdceqs5uBHs6Es+Sk//RKiQ==
  
  chalk@2:
    version "2.4.2"
    resolved "https://registry.yarnpkg.com/chalk/-/chalk-2.4.2.tgz#cd42541677a54333cf541a49108c1432b44c9424"
    integrity sha512-Mti+f9lpJNcwF4tWV8/OrTTtF1gZi+f8FqlyAdouralcFWFQWF2+NgCHShjkCb+IFBLq9buZwE1xckQU4peSuQ==
    dependencies:
      ansi-styles "^3.2.1"
      escape-string-regexp "^1.0.5"
      supports-color "^5.3.0"
  
  color-convert@^1.9.0:
    version "1.9.3"
    resolved "https://registry.yarnpkg.com/color-convert/-/color-convert-1.9.3.tgz#bb71850690e1f136567de629d2d5471deda4c1e8"
    integrity sha512-QfAUtd+vFdAtFQcC8CCyYt1fYWxSqAiK2cSD6zDB8N3cpsEBAvRxp9zOGg6G/SHHJYAT88/az/IuDGALsNVbGg==
    dependencies:
      color-name "1.1.3"
  
  color-name@1.1.3:
    version "1.1.3"
    resolved "https://registry.yarnpkg.com/color-name/-/color-name-1.1.3.tgz#a7d0558bd89c42f795dd42328f740831ca53bc25"
    integrity sha512-72fSenhMw2HZMTVHeCA9KCmpEIbzWiQsjN+BHcBbS9vr1mtt+vJjPdksIBNUmKAW8TFUDPJK5SUU3QhE9NEXDw==
  
  commander@^2.19.0:
    version "2.20.3"
    resolved "https://registry.yarnpkg.com/commander/-/commander-2.20.3.tgz#fd485e84c03eb4881c20722ba48035e8531aeb33"
    integrity sha512-GpVkmM8vF2vQUkj2LvZmD35JxeJOLCwJ9cUkugyk2nuhbv3+mJvpLYYt+0+USMxE+oj+ey/lJEnhZw75x/OMcQ==
  
  debug@^4.3.2, debug@^4.3.3:
    version "4.3.4"
    resolved "https://registry.yarnpkg.com/debug/-/debug-4.3.4.tgz#1319f6579357f2338d3337d2cdd4914bb5dcc865"
    integrity sha512-PRWFHuSU3eDtQJPvnNY7Jcket1j0t5OuOsFzPPzsekD52Zl8qUfFIPEiswXqIvHWGVHOgX+7G/vCNNhehwxfkQ==
    dependencies:
      ms "2.1.2"
  
  discontinuous-range@1.0.0:
    version "1.0.0"
    resolved "https://registry.yarnpkg.com/discontinuous-range/-/discontinuous-range-1.0.0.tgz#e38331f0844bba49b9a9cb71c771585aab1bc65a"
    integrity sha512-c68LpLbO+7kP/b1Hr1qs8/BJ09F5khZGTxqxZuhzxpmwJKOgRFHJWIb9/KmqnqHhLdO55aOxFH/EGBvUQbL/RQ==
  
  ecdsa-sig-formatter@1.0.11:
    version "1.0.11"
    resolved "https://registry.yarnpkg.com/ecdsa-sig-formatter/-/ecdsa-sig-formatter-1.0.11.tgz#ae0f0fa2d85045ef14a817daa3ce9acd0489e5bf"
    integrity sha512-nagl3RYrbNv6kQkeJIpt6NJZy8twLB/2vtz6yN9Z4vRKHN4/QZJIEbqohALSgwKdnksuY3k5Addp5lg8sVoVcQ==
    dependencies:
      safe-buffer "^5.0.1"
  
  endian-toggle@^0.0.0:
    version "0.0.0"
    resolved "https://registry.yarnpkg.com/endian-toggle/-/endian-toggle-0.0.0.tgz#e5cc7578b1032d6ee01eafcd73765db0db4dc0a6"
    integrity sha512-ShfqhXeHRE4TmggSlHXG8CMGIcsOsqDw/GcoPcosToE59Rm9e4aXaMhEQf2kPBsBRrKem1bbOAv5gOKnkliMFQ==
  
  escape-string-regexp@^1.0.5:
    version "1.0.5"
    resolved "https://registry.yarnpkg.com/escape-string-regexp/-/escape-string-regexp-1.0.5.tgz#1b61c0562190a8dff6ae3bb2cf0200ca130b86d4"
    integrity sha512-vbRorB5FUQWvla16U8R/qgaFIya2qGzwDrNmCZuYKrbdSUMG6I1ZCGQRefkRVhuOkIGVne7BQ35DSfo1qvJqFg==
  
  event-target-shim@^5.0.0:
    version "5.0.1"
    resolved "https://registry.yarnpkg.com/event-target-shim/-/event-target-shim-5.0.1.tgz#5d4d3ebdf9583d63a5333ce2deb7480ab2b05789"
    integrity sha512-i/2XbnSz/uxRCU6+NdVJgKWDTM427+MqYbkQzD321DuCQJUqOuJKIA0IM2+W2xtYHdKOmZ4dR6fExsd4SXL+WQ==
  
  fast-deep-equal@^3.1.1:
    version "3.1.3"
    resolved "https://registry.yarnpkg.com/fast-deep-equal/-/fast-deep-equal-3.1.3.tgz#3a7d56b559d6cbc3eb512325244e619a65c6c525"
    integrity sha512-f3qQ9oQy9j2AhBe/H9VC91wLmKBCCU/gDOnKNAYG5hswO7BLKj09Hc5HYNz9cGI++xlpDCIgDaitVs03ATR84Q==
  
  fast-json-stable-stringify@^2.0.0:
    version "2.1.0"
    resolved "https://registry.yarnpkg.com/fast-json-stable-stringify/-/fast-json-stable-stringify-2.1.0.tgz#874bf69c6f404c2b5d99c481341399fd55892633"
    integrity sha512-lhd/wF+Lk98HZoTCtlVraHtfh5XYijIjalXck7saUtuanSDyLMxnHhSXEDJqHxD7msR8D0uCmqlkwjCV8xvwHw==
  
  follow-redirects@^1.14.0:
    version "1.15.1"
    resolved "https://registry.yarnpkg.com/follow-redirects/-/follow-redirects-1.15.1.tgz#0ca6a452306c9b276e4d3127483e29575e207ad5"
    integrity sha512-yLAMQs+k0b2m7cVxpS1VKJVvoz7SS9Td1zss3XRwXj+ZDH00RJgnuLx7E44wx02kQLrdM3aOOy+FpzS7+8OizA==
  
  has-flag@^3.0.0:
    version "3.0.0"
    resolved "https://registry.yarnpkg.com/has-flag/-/has-flag-3.0.0.tgz#b5d454dc2199ae225699f3467e5a07f3b955bafd"
    integrity sha512-sKJf1+ceQBr4SMkvQnBDNDtf4TXpVhVGateu0t918bl30FnbE2m4vNLX+VWe/dpjlb+HugGYzW7uQXH98HPEYw==
  
  inherits@^2.0.3:
    version "2.0.4"
    resolved "https://registry.yarnpkg.com/inherits/-/inherits-2.0.4.tgz#0fa2c64f932917c3433a0ded55363aae37416b7c"
    integrity sha512-k/vGaX4/Yla3WzyMCvTQOXYeIHvqOKtnqBduzTHpzpQZzAskKMhZ2K+EnBiSM9zGSoIFeMpXKxa4dYeZIQqewQ==
  
  jose@^4.1.4:
    version "4.9.2"
    resolved "https://registry.yarnpkg.com/jose/-/jose-4.9.2.tgz#268994df4443b9c191de0b001c2e3796ac6cf368"
    integrity sha512-EqKvu2PqJCD3Jrg3PvcYZVS7D21qMVLSYMDAFcOdGUEOpJSLNtJO7NjLANvu3SYHVl6pdP2ff7ve6EZW2nX7Nw==
  
  json-schema-traverse@^0.4.1:
    version "0.4.1"
    resolved "https://registry.yarnpkg.com/json-schema-traverse/-/json-schema-traverse-0.4.1.tgz#69f6a87d9513ab8bb8fe63bdb0979c448e684660"
    integrity sha512-xbbCH5dCYU5T8LcEhhuh7HJ88HXuW3qsI3Y0zOZFKfZEHcpWiHU/Jxzk629Brsab/mMiHQti9wMP+845RPe3Vg==
  
  jsonwebtoken@^8.5.1:
    version "8.5.1"
    resolved "https://registry.yarnpkg.com/jsonwebtoken/-/jsonwebtoken-8.5.1.tgz#00e71e0b8df54c2121a1f26137df2280673bcc0d"
    integrity sha512-XjwVfRS6jTMsqYs0EsuJ4LGxXV14zQybNd4L2r0UvbVnSF9Af8x7p5MzbJ90Ioz/9TI41/hTCvznF/loiSzn8w==
    dependencies:
      jws "^3.2.2"
      lodash.includes "^4.3.0"
      lodash.isboolean "^3.0.3"
      lodash.isinteger "^4.0.4"
      lodash.isnumber "^3.0.3"
      lodash.isplainobject "^4.0.6"
      lodash.isstring "^4.0.1"
      lodash.once "^4.0.0"
      ms "^2.1.1"
      semver "^5.6.0"
  
  jwa@^1.4.1:
    version "1.4.1"
    resolved "https://registry.yarnpkg.com/jwa/-/jwa-1.4.1.tgz#743c32985cb9e98655530d53641b66c8645b039a"
    integrity sha512-qiLX/xhEEFKUAJ6FiBMbes3w9ATzyk5W7Hvzpa/SLYdxNtng+gcurvrI7TbACjIXlsJyr05/S1oUhZrc63evQA==
    dependencies:
      buffer-equal-constant-time "1.0.1"
      ecdsa-sig-formatter "1.0.11"
      safe-buffer "^5.0.1"
  
  jws@^3.2.2:
    version "3.2.2"
    resolved "https://registry.yarnpkg.com/jws/-/jws-3.2.2.tgz#001099f3639468c9414000e99995fa52fb478304"
    integrity sha512-YHlZCB6lMTllWDtSPHz/ZXTsi8S00usEV6v1tjq8tOUZzw7DpSDWVXjXDre6ed1w/pd495ODpHZYSdkRTsa0HA==
    dependencies:
      jwa "^1.4.1"
      safe-buffer "^5.0.1"
  
  lodash.get@^4.1.2, lodash.get@^4.4.2:
    version "4.4.2"
    resolved "https://registry.yarnpkg.com/lodash.get/-/lodash.get-4.4.2.tgz#2d177f652fa31e939b4438d5341499dfa3825e99"
    integrity sha512-z+Uw/vLuy6gQe8cfaFWD7p0wVv8fJl3mbzXh33RS+0oW2wvUqiRXiQ69gLWSLpgB5/6sU+r6BlQR0MBILadqTQ==
  
  lodash.includes@^4.3.0:
    version "4.3.0"
    resolved "https://registry.yarnpkg.com/lodash.includes/-/lodash.includes-4.3.0.tgz#60bb98a87cb923c68ca1e51325483314849f553f"
    integrity sha512-W3Bx6mdkRTGtlJISOvVD/lbqjTlPPUDTMnlXZFnVwi9NKJ6tiAk6LVdlhZMm17VZisqhKcgzpO5Wz91PCt5b0w==
  
  lodash.isboolean@^3.0.3:
    version "3.0.3"
    resolved "https://registry.yarnpkg.com/lodash.isboolean/-/lodash.isboolean-3.0.3.tgz#6c2e171db2a257cd96802fd43b01b20d5f5870f6"
    integrity sha512-Bz5mupy2SVbPHURB98VAcw+aHh4vRV5IPNhILUCsOzRmsTmSQ17jIuqopAentWoehktxGd9e/hbIXq980/1QJg==
  
  lodash.isinteger@^4.0.4:
    version "4.0.4"
    resolved "https://registry.yarnpkg.com/lodash.isinteger/-/lodash.isinteger-4.0.4.tgz#619c0af3d03f8b04c31f5882840b77b11cd68343"
    integrity sha512-DBwtEWN2caHQ9/imiNeEA5ys1JoRtRfY3d7V9wkqtbycnAmTvRRmbHKDV4a0EYc678/dia0jrte4tjYwVBaZUA==
  
  lodash.isnumber@^3.0.3:
    version "3.0.3"
    resolved "https://registry.yarnpkg.com/lodash.isnumber/-/lodash.isnumber-3.0.3.tgz#3ce76810c5928d03352301ac287317f11c0b1ffc"
    integrity sha512-QYqzpfwO3/CWf3XP+Z+tkQsfaLL/EnUlXWVkIk5FUPc4sBdTehEqZONuyRt2P67PXAk+NXmTBcc97zw9t1FQrw==
  
  lodash.isplainobject@^4.0.6:
    version "4.0.6"
    resolved "https://registry.yarnpkg.com/lodash.isplainobject/-/lodash.isplainobject-4.0.6.tgz#7c526a52d89b45c45cc690b88163be0497f550cb"
    integrity sha512-oSXzaWypCMHkPC3NvBEaPHf0KsA5mvPrOPgQWDsbg8n7orZ290M0BmC/jgRZ4vcJ6DTAhjrsSYgdsW/F+MFOBA==
  
  lodash.isstring@^4.0.1:
    version "4.0.1"
    resolved "https://registry.yarnpkg.com/lodash.isstring/-/lodash.isstring-4.0.1.tgz#d527dfb5456eca7cc9bb95d5daeaf88ba54a5451"
    integrity sha512-0wJxfxH1wgO3GrbuP+dTTk7op+6L41QCXbGINEmD+ny/G/eCqGzxyCsh7159S+mgDDcoarnBw6PC1PS5+wUGgw==
  
  lodash.merge@^4.3.0:
    version "4.6.2"
    resolved "https://registry.yarnpkg.com/lodash.merge/-/lodash.merge-4.6.2.tgz#558aa53b43b661e1925a0afdfa36a9a1085fe57a"
    integrity sha512-0KpjqXRVvrYyCsX1swR/XTK0va6VQkQM6MNo7PqW77ByjAhoARA8EfrP1N4+KlKj8YS0ZUCtRT/YUuhyYDujIQ==
  
  lodash.once@^4.0.0:
    version "4.1.1"
    resolved "https://registry.yarnpkg.com/lodash.once/-/lodash.once-4.1.1.tgz#0dd3971213c7c56df880977d504c88fb471a97ac"
    integrity sha512-Sb487aTOCr9drQVL8pIxOzVhafOjZN9UU54hiN8PU3uAiSV7lx1yYNpbNmex2PK6dSJoNTSJUUswT651yww3Mg==
  
  lodash.reduce@^4.6.0:
    version "4.6.0"
    resolved "https://registry.yarnpkg.com/lodash.reduce/-/lodash.reduce-4.6.0.tgz#f1ab6b839299ad48f784abbf476596f03b914d3b"
    integrity sha512-6raRe2vxCYBhpBu+B+TtNGUzah+hQjVdu3E17wfusjyrXBka2nBS8OH/gjVZ5PvHOhWmIZTYri09Z6n/QfnNMw==
  
  macaddress@^0.5.1:
    version "0.5.3"
    resolved "https://registry.yarnpkg.com/macaddress/-/macaddress-0.5.3.tgz#2b9d6832be934cb775749f30f57d6537184a2bda"
    integrity sha512-vGBKTA+jwM4KgjGZ+S/8/Mkj9rWzePyGY6jManXPGhiWu63RYwW8dKPyk5koP+8qNVhPhHgFa1y/MJ4wrjsNrg==
  
  minecraft-data@^3.0.0, minecraft-data@^3.12.0, minecraft-data@^3.5.1, minecraft-data@^3.8.0:
    version "3.12.0"
    resolved "https://registry.yarnpkg.com/minecraft-data/-/minecraft-data-3.12.0.tgz#69899568a3cd2837c7f320f27c9bb4906e24fddc"
    integrity sha512-CnWgzbBMciO0DLjSGazOom14v50AWhTmc2yCaEExdbsEUrky8kH9r6852vtfRZLesbx5sX03CyAmZ0MNGVvRLg==
  
  minecraft-folder-path@^1.2.0:
    version "1.2.0"
    resolved "https://registry.yarnpkg.com/minecraft-folder-path/-/minecraft-folder-path-1.2.0.tgz#08ea450bfb20dbb02cf6e1470864e2f0d652e477"
    integrity sha512-qaUSbKWoOsH9brn0JQuBhxNAzTDMwrOXorwuRxdJKKKDYvZhtml+6GVCUrY5HRiEsieBEjCUnhVpDuQiKsiFaw==
  
  minecraft-protocol@^1.31.0:
    version "1.36.1"
    resolved "https://registry.yarnpkg.com/minecraft-protocol/-/minecraft-protocol-1.36.1.tgz#9d54ce39a1b6209ea1604c0fcc650f0e292d7a59"
    integrity sha512-ITJiWD8qdC+HtqBFw/OuTef53tQQIh3u9lcTjc9aC20ci14Y1mtrAd+PmaVF2k5RknHlPmlY40qiNualhzN54g==
    dependencies:
      "@types/readable-stream" "^2.3.13"
      aes-js "^3.1.2"
      buffer-equal "^1.0.0"
      debug "^4.3.2"
      endian-toggle "^0.0.0"
      lodash.get "^4.1.2"
      lodash.merge "^4.3.0"
      minecraft-data "^3.8.0"
      minecraft-folder-path "^1.2.0"
      node-fetch "^2.6.1"
      node-rsa "^0.4.2"
      prismarine-auth "^1.7.0"
      prismarine-nbt "^2.0.0"
      protodef "^1.8.0"
      readable-stream "^4.1.0"
      uuid-1345 "^1.0.1"
      yggdrasil "^1.4.0"
  
  mineflayer-pathfinder@^2.3.3:
    version "2.3.3"
    resolved "https://registry.yarnpkg.com/mineflayer-pathfinder/-/mineflayer-pathfinder-2.3.3.tgz#bdbe15caea88c83116279dada8916b14c8ec8a93"
    integrity sha512-00de9GhYMj8IB6EtohQ8aEdf53zx1nFocOZhe1V3cuy64BpLJgSOFla5qYVaSBCbO9x/07XqKx60jxKpUHD2dA==
    dependencies:
      minecraft-data "^3.5.1"
      prismarine-block "^1.16.3"
      prismarine-entity "^2.1.1"
      prismarine-item "^1.11.5"
      prismarine-nbt "^2.2.1"
      prismarine-physics "^1.5.2"
      vec3 "^0.1.7"
  
  mineflayer@^4.4.0:
    version "4.4.0"
    resolved "https://registry.yarnpkg.com/mineflayer/-/mineflayer-4.4.0.tgz#c432200aa62f0775cbbc9a150672dd355c204855"
    integrity sha512-nKy1KQSb20zWGtwlvwCmduAT7PHTchoR5jFAf4c8PzsxMznVCg9UeDOXYY8DfROpm6Kqjsg7DcQDFnS2frDD6w==
    dependencies:
      minecraft-data "^3.0.0"
      minecraft-protocol "^1.31.0"
      prismarine-biome "^1.1.1"
      prismarine-block "^1.13.1"
      prismarine-chat "^1.3.3"
      prismarine-chunk "^1.29.0"
      prismarine-entity "^2.0.0"
      prismarine-item "^1.11.5"
      prismarine-nbt "^2.0.0"
      prismarine-physics "^1.3.1"
      prismarine-recipe "^1.1.0"
      prismarine-registry "^1.0.0"
      prismarine-windows "^2.4.2"
      prismarine-world "^3.6.0"
      protodef "^1.14.0"
      typed-emitter "^1.0.0"
      vec3 "^0.1.7"
  
  mojangson@^2.0.1:
    version "2.0.2"
    resolved "https://registry.yarnpkg.com/mojangson/-/mojangson-2.0.2.tgz#5f3cd809f65fbc2191215d700bc6ae6fc06b36fd"
    integrity sha512-iGPRE1Ez+W+42Dt4Ao91c9VVs+FmuRUlAFDef76xRX3mbZrTNuezDtFI0PbfYqheg/B0fSiq0Q0V1emZNt37cw==
    dependencies:
      nearley "^2.19.5"
  
  moo@^0.5.0:
    version "0.5.1"
    resolved "https://registry.yarnpkg.com/moo/-/moo-0.5.1.tgz#7aae7f384b9b09f620b6abf6f74ebbcd1b65dbc4"
    integrity sha512-I1mnb5xn4fO80BH9BLcF0yLypy2UKl+Cb01Fu0hJRkJjlCRtxZMWkTdAtDd5ZqCOxtCkhmRwyI57vWT+1iZ67w==
  
  ms@2.1.2:
    version "2.1.2"
    resolved "https://registry.yarnpkg.com/ms/-/ms-2.1.2.tgz#d09d1f357b443f493382a8eb3ccd183872ae6009"
    integrity sha512-sGkPx+VjMtmA6MX27oA4FBFELFCZZ4S4XqeGOXCv68tT+jb3vk/RyaKWP0PTKyWtmLSM0b+adUTEvbs1PEaH2w==
  
  ms@^2.1.1:
    version "2.1.3"
    resolved "https://registry.yarnpkg.com/ms/-/ms-2.1.3.tgz#574c8138ce1d2b5861f0b44579dbadd60c6615b2"
    integrity sha512-6FlzubTLZG3J2a/NVCAleEhjzq5oxgHyaCU9yYXvcLsvoVaHJq/s5xXI6/XXP6tz7R9xAOtHnSO/tXtF3WRTlA==
  
  nearley@^2.19.5:
    version "2.20.1"
    resolved "https://registry.yarnpkg.com/nearley/-/nearley-2.20.1.tgz#246cd33eff0d012faf197ff6774d7ac78acdd474"
    integrity sha512-+Mc8UaAebFzgV+KpI5n7DasuuQCHA89dmwm7JXw3TV43ukfNQ9DnBH3Mdb2g/I4Fdxc26pwimBWvjIw0UAILSQ==
    dependencies:
      commander "^2.19.0"
      moo "^0.5.0"
      railroad-diagrams "^1.0.0"
      randexp "0.4.6"
  
  node-fetch@^2.6.1:
    version "2.6.7"
    resolved "https://registry.yarnpkg.com/node-fetch/-/node-fetch-2.6.7.tgz#24de9fba827e3b4ae44dc8b20256a379160052ad"
    integrity sha512-ZjMPFEfVx5j+y2yF35Kzx5sF7kDzxuDj6ziH4FFbOp87zKDZNx8yExJIb05OGF4Nlt9IHFIMBkRl41VdvcNdbQ==
    dependencies:
      whatwg-url "^5.0.0"
  
  node-rsa@^0.4.2:
    version "0.4.2"
    resolved "https://registry.yarnpkg.com/node-rsa/-/node-rsa-0.4.2.tgz#d6391729ec16a830ed5a38042b3157d2d5d72530"
    integrity sha512-Bvso6Zi9LY4otIZefYrscsUpo2mUpiAVIEmSZV2q41sP8tHZoert3Yu6zv4f/RXJqMNZQKCtnhDugIuCma23YA==
    dependencies:
      asn1 "0.2.3"
  
  prismarine-auth@^1.7.0:
    version "1.7.0"
    resolved "https://registry.yarnpkg.com/prismarine-auth/-/prismarine-auth-1.7.0.tgz#7eaa474ad10b94c9787836a5e0f2cf2d90024294"
    integrity sha512-Feorw3LkKGDxafolD0f7KcuucOad8NceXEoIwYScxhOdld61CpKVh8aprA3IWnmd0Vj/KO+qK8VGpFSvdaaZzA==
    dependencies:
      "@azure/msal-node" "^1.1.0"
      "@xboxreplay/xboxlive-auth" "^3.3.3"
      debug "^4.3.3"
      jose "^4.1.4"
      node-fetch "^2.6.1"
      smart-buffer "^4.1.0"
      uuid-1345 "^1.0.2"
  
  prismarine-biome@^1.1.0, prismarine-biome@^1.1.1, prismarine-biome@^1.2.0:
    version "1.3.0"
    resolved "https://registry.yarnpkg.com/prismarine-biome/-/prismarine-biome-1.3.0.tgz#53b122fc7c3968f43f1639e823e7bd1b829fab46"
    integrity sha512-GY6nZxq93mTErT7jD7jt8YS1aPrOakbJHh39seYsJFXvueIOdHAmW16kYQVrTVMW5MlWLQVxV/EquRwOgr4MnQ==
  
  prismarine-block@^1.13.1, prismarine-block@^1.14.1, prismarine-block@^1.16.3:
    version "1.16.3"
    resolved "https://registry.yarnpkg.com/prismarine-block/-/prismarine-block-1.16.3.tgz#465b6b0154be16f8d7b5dc892f4a4153f073d542"
    integrity sha512-E9OazjIqnEgcXM6me6EIeQFMcNRWZzsaftWtetRSIKVoW+4UKWleb6lTNKh9kq7wNxciKavcYBmKL3sF7HfSaA==
    dependencies:
      minecraft-data "^3.0.0"
      prismarine-biome "^1.1.0"
      prismarine-chat "^1.5.0"
      prismarine-item "^1.10.1"
      prismarine-nbt "^2.0.0"
      prismarine-registry "^1.1.0"
  
  prismarine-chat@^1.3.3, prismarine-chat@^1.4.1, prismarine-chat@^1.5.0:
    version "1.6.1"
    resolved "https://registry.yarnpkg.com/prismarine-chat/-/prismarine-chat-1.6.1.tgz#1f522a41da418dfb70bdccf4eafaba5d191d9f02"
    integrity sha512-BvDR6Jzz9aoSKa7L5peOPzEp0MyrEj+N5nRaBT2VBpPtGXx+jQCxqAK7XDWF65Z5iRhjubfGdZZf65ayWG3oDA==
    dependencies:
      minecraft-data "^3.0.0"
      mojangson "^2.0.1"
      prismarine-item "^1.10.0"
      prismarine-nbt "^2.0.0"
      sprintf-js "^1.1.2"
  
  prismarine-chunk@^1.29.0:
    version "1.32.0"
    resolved "https://registry.yarnpkg.com/prismarine-chunk/-/prismarine-chunk-1.32.0.tgz#ec72b3f40e40e6950d4d1a3f4f69a37923173e02"
    integrity sha512-2Abh7M93BPbqRZEclmjIHC2RcETWN2/0zYsbPc5SgWXqe7u34kQaB2lv3YUS1xZ3vg9kdtR8mzElk8i84eX7PA==
    dependencies:
      minecraft-data "^3.0.0"
      prismarine-biome "^1.2.0"
      prismarine-block "^1.14.1"
      prismarine-registry "^1.1.0"
      smart-buffer "^4.1.0"
      uint4 "^0.1.2"
      vec3 "^0.1.3"
      xxhash-wasm "^0.4.2"
  
  prismarine-entity@^2.0.0, prismarine-entity@^2.1.1:
    version "2.1.1"
    resolved "https://registry.yarnpkg.com/prismarine-entity/-/prismarine-entity-2.1.1.tgz#95b48ab4e3d46f0a30d5e0c0ca8d366c1ae11d83"
    integrity sha512-79iWUYNf0KRhMvvVJ4TTCQQZItPanA5zWBstx+eu98480WrCWi9fCdCPtY0Bsl4+o+tnkcTb6oMLlndx4yPwLA==
    dependencies:
      minecraft-data "^3.0.0"
      prismarine-chat "^1.4.1"
      prismarine-item "^1.11.2"
      vec3 "^0.1.4"
  
  prismarine-item@^1.10.0, prismarine-item@^1.10.1, prismarine-item@^1.11.2, prismarine-item@^1.11.5, prismarine-item@^1.5.0:
    version "1.11.5"
    resolved "https://registry.yarnpkg.com/prismarine-item/-/prismarine-item-1.11.5.tgz#2eb55de849629c13e4582b061f89f030cd572f6b"
    integrity sha512-aWH1AXTiSDUUM0LVnFtJJ96If/sOiuM3DBZmSvtwFD+ufQsF3WndH2QW2Pv6FbabKByneF9xyPsq5dhUnvcG7g==
    dependencies:
      minecraft-data "^3.0.0"
      prismarine-nbt "^2.0.0"
  
  prismarine-nbt@^2.0.0, prismarine-nbt@^2.2.1:
    version "2.2.1"
    resolved "https://registry.yarnpkg.com/prismarine-nbt/-/prismarine-nbt-2.2.1.tgz#a263e08b36fd27a682024549a8823d82f9ad30d9"
    integrity sha512-Mb50c58CPnuZ+qvM31DBa08tf9UumlTq1LkvpMoUpKfCuN05GZHTqCUwER3lxTSHLL0GZKghIPbYR/JQkINijQ==
    dependencies:
      protodef "^1.9.0"
  
  prismarine-physics@^1.3.1, prismarine-physics@^1.5.2:
    version "1.5.2"
    resolved "https://registry.yarnpkg.com/prismarine-physics/-/prismarine-physics-1.5.2.tgz#5772247f863e60a042151286164057e9c9cd4bfc"
    integrity sha512-Ak1yM/Fv9qxIt8Lgp/pHYS0v5P1bkZLq27Cb35Z/0YMCEUk0zXGfJOg0R666EQJOnAA1ABNZlRjglL9ZBMnWqg==
    dependencies:
      minecraft-data "^3.0.0"
      prismarine-nbt "^2.0.0"
      vec3 "^0.1.7"
  
  prismarine-recipe@^1.1.0:
    version "1.2.0"
    resolved "https://registry.yarnpkg.com/prismarine-recipe/-/prismarine-recipe-1.2.0.tgz#95c223a37fc1047e4f8f619988d3923ec0c943f7"
    integrity sha512-ZkCtEi5xDS7tAJgDS/BxjvEYPAXusikcyIWYhPOpA6nslIUqWF5+QevC6FpNa3eQVdebgiNBQqHggcnI4xww5g==
  
  prismarine-registry@^1.0.0, prismarine-registry@^1.1.0:
    version "1.3.0"
    resolved "https://registry.yarnpkg.com/prismarine-registry/-/prismarine-registry-1.3.0.tgz#d47de4ddb905977ca8c933a132a0850d15ed8582"
    integrity sha512-tW/TMzok3/43klbp2w62zfzrjGQTX1K0UGbq743kwEGPULXvCKfalpweEflGDW28IgsWEyY6hUTV80lhzIUbAA==
    dependencies:
      minecraft-data "^3.0.0"
      prismarine-nbt "^2.0.0"
  
  prismarine-windows@^2.4.2:
    version "2.4.4"
    resolved "https://registry.yarnpkg.com/prismarine-windows/-/prismarine-windows-2.4.4.tgz#020b2ff0e5b1d0dc7ea23172411a6288597076cb"
    integrity sha512-bjva7DtEu9V37SGgCqMiAgMRtwTypqyB95bS8VULUxoMPNhbcyTxdQhU6Fe2OFq4ufT9x3hGMKpMwJy+oepE0A==
    dependencies:
      minecraft-data "^3.0.0"
      prismarine-item "^1.5.0"
  
  prismarine-world@^3.6.0:
    version "3.6.1"
    resolved "https://registry.yarnpkg.com/prismarine-world/-/prismarine-world-3.6.1.tgz#c3923ddb8c4806947fb86695f7c8359380aef650"
    integrity sha512-sv7rR+vJ/ac3/dm4MoumreL4eqMi3B+h8I+JDYXQkNCdSJJISniQvi5qS4zTnAUCGXx/N6QfQ02bjBfyEoZuRw==
    dependencies:
      vec3 "^0.1.7"
  
  protodef-validator@^1.3.0:
    version "1.3.1"
    resolved "https://registry.yarnpkg.com/protodef-validator/-/protodef-validator-1.3.1.tgz#bcdec416d25a8c17be19074bb16d157afa37d183"
    integrity sha512-lZ5FWKZYR9xOjpMw1+EfZRfCjzNRQWPq+Dk+jki47Sikl2EeWEPnTfnJERwnU/EwFq6us+0zqHHzSsmLeYX+Lg==
    dependencies:
      ajv "^6.5.4"
  
  protodef@^1.14.0, protodef@^1.8.0, protodef@^1.9.0:
    version "1.15.0"
    resolved "https://registry.yarnpkg.com/protodef/-/protodef-1.15.0.tgz#ce7cfcb95730bac1a56a8a859cc3868d2f6f1936"
    integrity sha512-bZ2Omw8dT+DACjJHLrBWZlqN4MlT9g9oSpJDdkUAJOStUzgJp+Zn42FJfPUdwutUxjaxA0PftN0PDlNa2XbneA==
    dependencies:
      lodash.get "^4.4.2"
      lodash.reduce "^4.6.0"
      protodef-validator "^1.3.0"
      readable-stream "^3.0.3"
  
  punycode@^2.1.0:
    version "2.1.1"
    resolved "https://registry.yarnpkg.com/punycode/-/punycode-2.1.1.tgz#b58b010ac40c22c5657616c8d2c2c02c7bf479ec"
    integrity sha512-XRsRjdf+j5ml+y/6GKHPZbrF/8p2Yga0JPtdqTIY2Xe5ohJPD9saDJJLPvp9+NSBprVvevdXZybnj2cv8OEd0A==
  
  railroad-diagrams@^1.0.0:
    version "1.0.0"
    resolved "https://registry.yarnpkg.com/railroad-diagrams/-/railroad-diagrams-1.0.0.tgz#eb7e6267548ddedfb899c1b90e57374559cddb7e"
    integrity sha512-cz93DjNeLY0idrCNOH6PviZGRN9GJhsdm9hpn1YCS879fj4W+x5IFJhhkRZcwVgMmFF7R82UA/7Oh+R8lLZg6A==
  
  randexp@0.4.6:
    version "0.4.6"
    resolved "https://registry.yarnpkg.com/randexp/-/randexp-0.4.6.tgz#e986ad5e5e31dae13ddd6f7b3019aa7c87f60ca3"
    integrity sha512-80WNmd9DA0tmZrw9qQa62GPPWfuXJknrmVmLcxvq4uZBdYqb1wYoKTmnlGUchvVWe0XiLupYkBoXVOxz3C8DYQ==
    dependencies:
      discontinuous-range "1.0.0"
      ret "~0.1.10"
  
  readable-stream@^3.0.3:
    version "3.6.0"
    resolved "https://registry.yarnpkg.com/readable-stream/-/readable-stream-3.6.0.tgz#337bbda3adc0706bd3e024426a286d4b4b2c9198"
    integrity sha512-BViHy7LKeTz4oNnkcLJ+lVSL6vpiFeX6/d3oSH8zCW7UxP2onchk+vTGB143xuFjHS3deTgkKoXXymXqymiIdA==
    dependencies:
      inherits "^2.0.3"
      string_decoder "^1.1.1"
      util-deprecate "^1.0.1"
  
  readable-stream@^4.1.0:
    version "4.1.0"
    resolved "https://registry.yarnpkg.com/readable-stream/-/readable-stream-4.1.0.tgz#280d0a29f559d3fb684a277254e02b6f61ae0631"
    integrity sha512-sVisi3+P2lJ2t0BPbpK629j8wRW06yKGJUcaLAGXPAUhyUxVJm7VsCTit1PFgT4JHUDMrGNR+ZjSKpzGaRF3zw==
    dependencies:
      abort-controller "^3.0.0"
  
  ret@~0.1.10:
    version "0.1.15"
    resolved "https://registry.yarnpkg.com/ret/-/ret-0.1.15.tgz#b8a4825d5bdb1fc3f6f53c2bc33f81388681c7bc"
    integrity sha512-TTlYpa+OL+vMMNG24xSlQGEJ3B/RzEfUlLct7b5G/ytav+wPrplCpVMFuwzXbkecJrb6IYo1iFb0S9v37754mg==
  
  safe-buffer@*, safe-buffer@^5.0.1, safe-buffer@~5.2.0:
    version "5.2.1"
    resolved "https://registry.yarnpkg.com/safe-buffer/-/safe-buffer-5.2.1.tgz#1eaf9fa9bdb1fdd4ec75f58f9cdb4e6b7827eec6"
    integrity sha512-rp3So07KcdmmKbGvgaNxQSJr7bGVSVk5S9Eq1F+ppbRo70+YeaDxkw5Dd8NPN+GD6bjnYm2VuPuCXmpuYvmCXQ==
  
  semver@^5.6.0:
    version "5.7.1"
    resolved "https://registry.yarnpkg.com/semver/-/semver-5.7.1.tgz#a954f931aeba508d307bbf069eff0c01c96116f7"
    integrity sha512-sauaDf/PZdVgrLTNYHRtpXa1iRiKcaebiKQ1BJdpQlWH2lCvexQdX55snPFyK7QzpudqbCI0qXFfOasHdyNDGQ==
  
  smart-buffer@^4.1.0:
    version "4.2.0"
    resolved "https://registry.yarnpkg.com/smart-buffer/-/smart-buffer-4.2.0.tgz#6e1d71fa4f18c05f7d0ff216dd16a481d0e8d9ae"
    integrity sha512-94hK0Hh8rPqQl2xXc3HsaBoOXKV20MToPkcXvwbISWLEs+64sBq5kFgn2kJDHb1Pry9yrP0dxrCI9RRci7RXKg==
  
  sprintf-js@^1.1.2:
    version "1.1.2"
    resolved "https://registry.yarnpkg.com/sprintf-js/-/sprintf-js-1.1.2.tgz#da1765262bf8c0f571749f2ad6c26300207ae673"
    integrity sha512-VE0SOVEHCk7Qc8ulkWw3ntAzXuqf7S2lvwQaDLRnUeIEaKNQJzV6BwmLKhOqT61aGhfUMrXeaBk+oDGCzvhcug==
  
  string_decoder@^1.1.1:
    version "1.3.0"
    resolved "https://registry.yarnpkg.com/string_decoder/-/string_decoder-1.3.0.tgz#42f114594a46cf1a8e30b0a84f56c78c3edac21e"
    integrity sha512-hkRX8U1WjJFd8LsDJ2yQ/wWWxaopEsABU1XfkM8A+j0+85JAGppt16cr1Whg6KIbb4okU6Mql6BOj+uup/wKeA==
    dependencies:
      safe-buffer "~5.2.0"
  
  supports-color@^5.3.0:
    version "5.5.0"
    resolved "https://registry.yarnpkg.com/supports-color/-/supports-color-5.5.0.tgz#e2e69a44ac8772f78a1ec0b35b689df6530efc8f"
    integrity sha512-QjVjwdXIt408MIiAqCX4oUKsgU2EqAGzs2Ppkm4aQYbjm+ZEWEcW4SfFNTr4uMNZma0ey4f5lgLrkB0aX0QMow==
    dependencies:
      has-flag "^3.0.0"
  
  tr46@~0.0.3:
    version "0.0.3"
    resolved "https://registry.yarnpkg.com/tr46/-/tr46-0.0.3.tgz#8184fd347dac9cdc185992f3a6622e14b9d9ab6a"
    integrity sha512-N3WMsuqV66lT30CrXNbEjx4GEwlow3v6rr4mCcv6prnfwhS01rkgyFdjPNBYd9br7LpXV1+Emh01fHnq2Gdgrw==
  
  typed-emitter@^1.0.0:
    version "1.4.0"
    resolved "https://registry.yarnpkg.com/typed-emitter/-/typed-emitter-1.4.0.tgz#38c6bf1224e764906bb20cb0b458fa914100607c"
    integrity sha512-weBmoo3HhpKGgLBOYwe8EB31CzDFuaK7CCL+axXhUYhn4jo6DSkHnbefboCF5i4DQ2aMFe0C/FdTWcPdObgHyg==
  
  typescript@^4.8.3:
    version "4.8.3"
    resolved "https://registry.yarnpkg.com/typescript/-/typescript-4.8.3.tgz#d59344522c4bc464a65a730ac695007fdb66dd88"
    integrity sha512-goMHfm00nWPa8UvR/CPSvykqf6dVV8x/dp0c5mFTMTIu0u0FlGWRioyy7Nn0PGAdHxpJZnuO/ut+PpQ8UiHAig==
  
  uint4@^0.1.2:
    version "0.1.2"
    resolved "https://registry.yarnpkg.com/uint4/-/uint4-0.1.2.tgz#50c5ae04b85d28128f2df3cc0ecc4d41abc2f681"
    integrity sha512-lhEx78gdTwFWG+mt6cWAZD/R6qrIj0TTBeH5xwyuDJyswLNlGe+KVlUPQ6+mx5Ld332pS0AMUTo9hIly7YsWxQ==
  
  uri-js@^4.2.2:
    version "4.4.1"
    resolved "https://registry.yarnpkg.com/uri-js/-/uri-js-4.4.1.tgz#9b1a52595225859e55f669d928f88c6c57f2a77e"
    integrity sha512-7rKUyy33Q1yc98pQ1DAmLtwX109F7TIfWlW1Ydo8Wl1ii1SeHieeh0HHfPeL2fMXK6z0s8ecKs9frCuLJvndBg==
    dependencies:
      punycode "^2.1.0"
  
  util-deprecate@^1.0.1:
    version "1.0.2"
    resolved "https://registry.yarnpkg.com/util-deprecate/-/util-deprecate-1.0.2.tgz#450d4dc9fa70de732762fbd2d4a28981419a0ccf"
    integrity sha512-EPD5q1uXyFxJpCrLnCc1nHnq3gOa6DZBocAIiI2TaSCA7VCJ1UJDMagCzIkXNsUYfD1daK//LTEQ8xiIbrHtcw==
  
  uuid-1345@^1.0.1, uuid-1345@^1.0.2:
    version "1.0.2"
    resolved "https://registry.yarnpkg.com/uuid-1345/-/uuid-1345-1.0.2.tgz#1c43d074507c40494278d5236199bffac81e19b8"
    integrity sha512-bA5zYZui+3nwAc0s3VdGQGBfbVsJLVX7Np7ch2aqcEWFi5lsAEcmO3+lx3djM1npgpZI8KY2FITZ2uYTnYUYyw==
    dependencies:
      macaddress "^0.5.1"
  
  uuid@^8.2.0, uuid@^8.3.0:
    version "8.3.2"
    resolved "https://registry.yarnpkg.com/uuid/-/uuid-8.3.2.tgz#80d5b5ced271bb9af6c445f21a1a04c606cefbe2"
    integrity sha512-+NYs2QeMWy+GWFOEm9xnn6HCDp0l7QBD7ml8zLUmJ+93Q5NF0NocErnwkTkXVFNiX3/fpC6afS8Dhb/gz7R7eg==
  
  vec3@^0.1.3, vec3@^0.1.4, vec3@^0.1.7:
    version "0.1.7"
    resolved "https://registry.yarnpkg.com/vec3/-/vec3-0.1.7.tgz#e203a7bcc2d074c328721421beed48b30c81e41b"
    integrity sha512-EZSeXBL+L3go2wWwtQQse4fEcNGIQjT14qvi4LYVj1ifZt/J5XZ1QZqkDuOVVH07YwTEIFbsAv3pzwUpF7x9Wg==
  
  webidl-conversions@^3.0.0:
    version "3.0.1"
    resolved "https://registry.yarnpkg.com/webidl-conversions/-/webidl-conversions-3.0.1.tgz#24534275e2a7bc6be7bc86611cc16ae0a5654871"
    integrity sha512-2JAn3z8AR6rjK8Sm8orRC0h/bcl/DqL7tRPdGZ4I1CjdF+EaMLmYxBHyXuKL849eucPFhvBoxMsflfOb8kxaeQ==
  
  whatwg-url@^5.0.0:
    version "5.0.0"
    resolved "https://registry.yarnpkg.com/whatwg-url/-/whatwg-url-5.0.0.tgz#966454e8765462e37644d3626f6742ce8b70965d"
    integrity sha512-saE57nupxk6v3HY35+jzBwYa0rKSy0XR8JSxZPwgLr7ys0IBzhGviA1/TUGJLmSVqs8pb9AnvICXEuOHLprYTw==
    dependencies:
      tr46 "~0.0.3"
      webidl-conversions "^3.0.0"
  
  xxhash-wasm@^0.4.2:
    version "0.4.2"
    resolved "https://registry.yarnpkg.com/xxhash-wasm/-/xxhash-wasm-0.4.2.tgz#752398c131a4dd407b5132ba62ad372029be6f79"
    integrity sha512-/eyHVRJQCirEkSZ1agRSCwriMhwlyUcFkXD5TPVSLP+IPzjsqMVzZwdoczLp1SoQU0R3dxz1RpIK+4YNQbCVOA==
  
  yggdrasil@^1.4.0:
    version "1.7.0"
    resolved "https://registry.yarnpkg.com/yggdrasil/-/yggdrasil-1.7.0.tgz#bfe9fabfd3600078cd1fa0d4445bf6fc6bf46149"
    integrity sha512-QBIo5fiNd7688G3FqXXYGr36uyrYzczlNuzpWFy2zL3+R+3KT2lF+wFxm51synfA3l3z6IBiGOc1/EVXWCYY1Q==
    dependencies:
      node-fetch "^2.6.1"
      uuid "^8.2.0"
